Build started 20-06-2015 07:47:32.
     1>Project "C:\Users\Ravi Theja\documents\visual studio 2010\Projects\video\video\video.vcxproj" on node 2 (build target(s)).
     1>InitializeBuildStatus:
         Creating "Debug\video.unsuccessfulbuild" because "AlwaysCreate" was specified.
       ClCompile:
         All outputs are up-to-date.
         C:\Program Files (x86)\Microsoft Visual Studio 10.0\VC\bin\CL.exe /c /IC:\OpenCV\opencv\build\include\opencv2 /IC:\OpenCV\opencv\build\include\opencv /IC:\OpenCV\opencv\build\include /ZI /nologo /W3 /WX- /Od /Oy- /D WIN32 /D _DEBUG /D _CONSOLE /D _UNICODE /D UNICODE /Gm /EHsc /RTC1 /MDd /GS /fp:precise /Zc:wchar_t /Zc:forScope /Yu"StdAfx.h" /Fp"Debug\video.pch" /Fo"Debug\\" /Fd"Debug\vc100.pdb" /Gd /TP /analyze- /errorReport:prompt videocpp.cpp
         videocpp.cpp
       ManifestResourceCompile:
         All outputs are up-to-date.
       Link:
         C:\Program Files (x86)\Microsoft Visual Studio 10.0\VC\bin\link.exe /ERRORREPORT:PROMPT /OUT:"C:\Users\Ravi Theja\documents\visual studio 2010\Projects\video\Debug\video.exe" /INCREMENTAL /NOLOGO /LIBPATH:C:\OpenCV\opencv\build\x86\vc10\lib opencv_core231d.lib opencv_imgproc231d.lib opencv_highgui231d.lib kernel32.lib user32.lib gdi32.lib winspool.lib comdlg32.lib advapi32.lib shell32.lib ole32.lib oleaut32.lib uuid.lib odbc32.lib odbccp32.lib /MANIFEST /ManifestFile:"Debug\video.exe.intermediate.manifest" /MANIFESTUAC:"level='asInvoker' uiAccess='false'" /DEBUG /PDB:"C:\Users\Ravi Theja\documents\visual studio 2010\Projects\video\Debug\video.pdb" /SUBSYSTEM:CONSOLE /TLBID:1 /DYNAMICBASE /NXCOMPAT /IMPLIB:"C:\Users\Ravi Theja\documents\visual studio 2010\Projects\video\Debug\video.lib" /MACHINE:X86 Debug\video.exe.embed.manifest.res
         Debug\stdafx.obj
         Debug\video.obj
         Debug\videocpp.obj
       Manifest:
         C:\Program Files (x86)\Microsoft SDKs\Windows\v7.0A\bin\mt.exe /nologo /verbose /out:"Debug\video.exe.embed.manifest" /manifest Debug\video.exe.intermediate.manifest
         All outputs are up-to-date.
       LinkEmbedManifest:
         All outputs are up-to-date.
         video.vcxproj -> C:\Users\Ravi Theja\documents\visual studio 2010\Projects\video\Debug\video.exe
       FinalizeBuildStatus:
         Deleting file "Debug\video.unsuccessfulbuild".
         Touching "Debug\video.lastbuildstate".
     1>Done Building Project "C:\Users\Ravi Theja\documents\visual studio 2010\Projects\video\video\video.vcxproj" (build target(s)).

Build succeeded.

Time Elapsed 00:00:05.24
