Build started 20-09-2014 17:53:14.
     1>Project "c:\Users\ravi theja\documents\visual studio 2010\Projects\demo\demo\demo.vcxproj" on node 2 (build target(s)).
     1>InitializeBuildStatus:
         Creating "Debug\demo.unsuccessfulbuild" because "AlwaysCreate" was specified.
       ClCompile:
         All outputs are up-to-date.
         C:\Program Files (x86)\Microsoft Visual Studio 10.0\VC\bin\CL.exe /c /IC:\OpenCV\opencv\build\include\opencv2 /IC:\OpenCV\opencv\build\include\opencv /IC:\OpenCV\opencv\build\include /ZI /nologo /W3 /WX- /Od /Oy- /D WIN32 /D _DEBUG /D _CONSOLE /D _UNICODE /D UNICODE /Gm /EHsc /RTC1 /MDd /GS /fp:precise /Zc:wchar_t /Zc:forScope /Yu"StdAfx.h" /Fp"Debug\demo.pch" /Fo"Debug\\" /Fd"Debug\vc100.pdb" /Gd /TP /analyze- /errorReport:prompt democpp.cpp
         democpp.cpp
     1>c:\opencv\opencv\build\include\opencv2\flann\logger.h(66): warning C4996: 'fopen': This function or variable may be unsafe. Consider using fopen_s instead. To disable deprecation, use _CRT_SECURE_NO_WARNINGS. See online help for details.
                 c:\program files (x86)\microsoft visual studio 10.0\vc\include\stdio.h(234) : see declaration of 'fopen'
     1>c:\opencv\opencv\build\include\opencv2\flann\flann.hpp(233): warning C4996: 'cv::flann::Index_<T>': was declared deprecated
                 c:\opencv\opencv\build\include\opencv2\flann\flann.hpp(278) : see reference to class template instantiation 'cv::flann::Index_<T>' being compiled
       ManifestResourceCompile:
         All outputs are up-to-date.
       Link:
         C:\Program Files (x86)\Microsoft Visual Studio 10.0\VC\bin\link.exe /ERRORREPORT:PROMPT /OUT:"c:\users\ravi theja\documents\visual studio 2010\Projects\demo\Debug\demo.exe" /INCREMENTAL /NOLOGO /LIBPATH:C:\OpenCV\opencv\build\x86\vc10\lib opencv_core231d.lib opencv_imgproc231d.lib opencv_highgui231d.lib kernel32.lib user32.lib gdi32.lib winspool.lib comdlg32.lib advapi32.lib shell32.lib ole32.lib oleaut32.lib uuid.lib odbc32.lib odbccp32.lib /MANIFEST /ManifestFile:"Debug\demo.exe.intermediate.manifest" /MANIFESTUAC:"level='asInvoker' uiAccess='false'" /DEBUG /PDB:"c:\users\ravi theja\documents\visual studio 2010\Projects\demo\Debug\demo.pdb" /SUBSYSTEM:CONSOLE /TLBID:1 /DYNAMICBASE /NXCOMPAT /IMPLIB:"c:\users\ravi theja\documents\visual studio 2010\Projects\demo\Debug\demo.lib" /MACHINE:X86 Debug\demo.exe.embed.manifest.res
         Debug\demo.obj
         Debug\democpp.obj
         Debug\stdafx.obj
       Manifest:
         C:\Program Files (x86)\Microsoft SDKs\Windows\v7.0A\bin\mt.exe /nologo /verbose /out:"Debug\demo.exe.embed.manifest" /manifest Debug\demo.exe.intermediate.manifest
         All outputs are up-to-date.
       LinkEmbedManifest:
         All outputs are up-to-date.
         demo.vcxproj -> c:\users\ravi theja\documents\visual studio 2010\Projects\demo\Debug\demo.exe
       FinalizeBuildStatus:
         Deleting file "Debug\demo.unsuccessfulbuild".
         Touching "Debug\demo.lastbuildstate".
     1>Done Building Project "c:\Users\ravi theja\documents\visual studio 2010\Projects\demo\demo\demo.vcxproj" (build target(s)).

Build succeeded.

Time Elapsed 00:00:08.43
